<?xml version="1.0" encoding="UTF-8"?>
<!-- Generated by org.testng.reporters.JUnitReportReporter -->
<testsuite skipped="0" hostname="Gabysus" name="tests.StrangeTest" tests="1" failures="0" timestamp="24 Sep 2018 02:41:24 GMT" time="71.174" errors="0">
  <testcase name="tc04_UpdateItemTitleFromList" time="71.174" classname="tests.StrangeTest"/>
</testsuite> <!-- tests.StrangeTest -->
